<?xml version="1.0" encoding="UTF-8"?>
<robot generator="Robot 6.1.1 (Python 3.10.11 on win32)" generated="20231115 15:38:45.335" rpa="false" schemaversion="4">
<suite id="s1" name="My Test Suite" source="C:\Users\Administrator\OneDrive - Wipro\Fujitsu\new\Calling\my_test_suite.robot">
<test id="s1-t1" name="Increment Value and Get It" line="5">
<kw name="MyLibrary.Increment Value">
<doc>Increment the value</doc>
<kw name="Set Global Variable" library="BuiltIn">
<arg>${value}</arg>
<arg>0</arg>
<doc>Makes a variable available globally in all tests and suites.</doc>
<msg timestamp="20231115 15:38:45.433" level="INFO">${value} = 0</msg>
<status status="PASS" starttime="20231115 15:38:45.433" endtime="20231115 15:38:45.433"/>
</kw>
<kw name="Evaluate" library="BuiltIn">
<var>${new_value}</var>
<arg>${value} + 1</arg>
<doc>Evaluates the given expression in Python and returns the result.</doc>
<msg timestamp="20231115 15:38:45.433" level="INFO">${new_value} = 1</msg>
<status status="PASS" starttime="20231115 15:38:45.433" endtime="20231115 15:38:45.433"/>
</kw>
<kw name="Set Global Variable" library="BuiltIn">
<arg>${value}</arg>
<arg>${new_value}</arg>
<doc>Makes a variable available globally in all tests and suites.</doc>
<msg timestamp="20231115 15:38:45.433" level="INFO">${value} = 1</msg>
<status status="PASS" starttime="20231115 15:38:45.433" endtime="20231115 15:38:45.433"/>
</kw>
<status status="PASS" starttime="20231115 15:38:45.433" endtime="20231115 15:38:45.433"/>
</kw>
<kw name="MyLibrary.Get Value">
<var>${value}</var>
<doc>Get the value</doc>
<msg timestamp="20231115 15:38:45.439" level="INFO">${value} = 1</msg>
<status status="PASS" starttime="20231115 15:38:45.439" endtime="20231115 15:38:45.440"/>
</kw>
<kw name="Should Be Equal As Integers" library="BuiltIn">
<arg>${value}</arg>
<arg>1</arg>
<doc>Fails if objects are unequal after converting them to integers.</doc>
<msg timestamp="20231115 15:38:45.441" level="INFO">Argument types are:
&lt;class 'int'&gt;
&lt;class 'str'&gt;</msg>
<status status="PASS" starttime="20231115 15:38:45.441" endtime="20231115 15:38:45.442"/>
</kw>
<doc>Test incrementing and getting a value</doc>
<tag>example</tag>
<status status="PASS" starttime="20231115 15:38:45.433" endtime="20231115 15:38:45.443"/>
</test>
<status status="PASS" starttime="20231115 15:38:45.350" endtime="20231115 15:38:45.445"/>
</suite>
<statistics>
<total>
<stat pass="1" fail="0" skip="0">All Tests</stat>
</total>
<tag>
<stat pass="1" fail="0" skip="0">example</stat>
</tag>
<suite>
<stat pass="1" fail="0" skip="0" id="s1" name="My Test Suite">My Test Suite</stat>
</suite>
</statistics>
<errors>
</errors>
</robot>
