<?xml version="1.0" encoding="UTF-8"?>
<robot generator="Robot 6.1.1 (Python 3.10.11 on win32)" generated="20231122 15:45:07.478" rpa="false" schemaversion="4">
<suite id="s1" name="Restcountry" source="C:\Users\Administrator\OneDrive - Wipro\Fujitsu\URL_Test\TestExecutables\RestCountries\restcountry.robot">
<test id="s1-t1" name="Check Compare Common Name Count with JSON" line="6">
<kw name="Compare Common Name Count With Json" library="RestCountriesDataDriver">
<var>${result}</var>
<msg timestamp="20231122 15:45:09.709" level="INFO">Total number of countries in Json data 250 and in API 250 count are matching</msg>
<msg timestamp="20231122 15:45:09.710" level="INFO">${result} = True</msg>
<status status="PASS" starttime="20231122 15:45:08.046" endtime="20231122 15:45:09.710"/>
</kw>
<kw name="Should Be True" library="BuiltIn">
<arg>${result}</arg>
<doc>Fails if the given condition is not true.</doc>
<status status="PASS" starttime="20231122 15:45:09.711" endtime="20231122 15:45:09.712"/>
</kw>
<doc>Verify if compare_common_name_count_with_json returns True</doc>
<status status="PASS" starttime="20231122 15:45:08.044" endtime="20231122 15:45:09.713"/>
</test>
<test id="s1-t2" name="Check Compare with regions" line="11">
<kw name="Compare With Regions" library="RestCountriesDataDriver">
<var>${a}</var>
<arg>Asia</arg>
<msg timestamp="20231122 15:45:10.603" level="INFO">Country names of Asia are matching in API ['Pakistan', 'Kazakhstan', 'Hong Kong', 'United Arab Emirates', 'Azerbaijan', 'South Korea', 'Laos', 'Lebanon', 'Macau', 'Kuwait', 'Oman', 'Bhutan', 'Bahrain', 'Mongolia', 'China', 'Jordan', 'Cambodia', 'Thailand', 'Turkmenistan', 'Maldives', 'Philippines', 'Timor-Leste', 'Japan', 'Georgia', 'Syria', 'Bangladesh', 'Vietnam', 'Sri Lanka', 'Taiwan', 'Tajikistan', 'Armenia', 'Afghanistan', 'Kyrgyzstan', 'Qatar', 'Yemen', 'Brunei', 'Uzbekistan', 'Iran', 'Israel', 'North Korea', 'Turkey', 'Iraq', 'Singapore', 'Myanmar', 'Nepal', 'India', 'Malaysia', 'Indonesia', 'Saudi Arabia', 'Palestine'] and JSON ['Pakistan', 'Kazakhstan', 'Hong Kong', 'United Arab Emirates', 'Azerbaijan', 'South Korea', 'Laos', 'Lebanon', 'Macau', 'Kuwait', 'Oman', 'Bhutan', 'Bahrain', 'Mongolia', 'China', 'Jordan', 'Cambodia', 'Thailand', 'Turkmenistan', 'Maldives', 'Philippines', 'Timor-Leste', 'Japan', 'Georgia', 'Syria', 'Bangladesh', 'Vietnam', 'Sri Lanka', 'Taiwan', 'Tajikistan', 'Armenia', 'Afghanistan', 'Kyrgyzstan', 'Qatar', 'Yemen', 'Brunei', 'Uzbekistan', 'Iran', 'Israel', 'North Korea', 'Turkey', 'Iraq', 'Singapore', 'Myanmar', 'Nepal', 'India', 'Malaysia', 'Indonesia', 'Saudi Arabia', 'Palestine']</msg>
<msg timestamp="20231122 15:45:10.603" level="INFO">${a} = True</msg>
<status status="PASS" starttime="20231122 15:45:09.716" endtime="20231122 15:45:10.603"/>
</kw>
<kw name="Should Be True" library="BuiltIn">
<arg>${a}</arg>
<doc>Fails if the given condition is not true.</doc>
<status status="PASS" starttime="20231122 15:45:10.604" endtime="20231122 15:45:10.604"/>
</kw>
<kw name="Compare With Regions" library="RestCountriesDataDriver">
<var>${b}</var>
<arg>Oceania</arg>
<msg timestamp="20231122 15:45:11.207" level="INFO">Country names of Oceania are matching in API ['American Samoa', 'Christmas Island', 'Samoa', 'Cook Islands', 'Kiribati', 'Fiji', 'Pitcairn Islands', 'Tonga', 'Papua New Guinea', 'Cocos (Keeling) Islands', 'Guam', 'Palau', 'French Polynesia', 'Marshall Islands', 'Australia', 'Micronesia', 'Norfolk Island', 'Solomon Islands', 'Tuvalu', 'New Caledonia', 'Tokelau', 'Nauru', 'Wallis and Futuna', 'Northern Mariana Islands', 'Niue', 'New Zealand', 'Vanuatu'] and JSON ['American Samoa', 'Christmas Island', 'Samoa', 'Cook Islands', 'Kiribati', 'Fiji', 'Pitcairn Islands', 'Tonga', 'Papua New Guinea', 'Cocos (Keeling) Islands', 'Guam', 'Palau', 'French Polynesia', 'Marshall Islands', 'Australia', 'Micronesia', 'Norfolk Island', 'Solomon Islands', 'Tuvalu', 'New Caledonia', 'Tokelau', 'Nauru', 'Wallis and Futuna', 'Northern Mariana Islands', 'Niue', 'New Zealand', 'Vanuatu']</msg>
<msg timestamp="20231122 15:45:11.207" level="INFO">${b} = True</msg>
<status status="PASS" starttime="20231122 15:45:10.605" endtime="20231122 15:45:11.207"/>
</kw>
<kw name="Should Be True" library="BuiltIn">
<arg>${b}</arg>
<doc>Fails if the given condition is not true.</doc>
<status status="PASS" starttime="20231122 15:45:11.208" endtime="20231122 15:45:11.208"/>
</kw>
<doc>Verify if compare_with_regions</doc>
<status status="PASS" starttime="20231122 15:45:09.714" endtime="20231122 15:45:11.209"/>
</test>
<test id="s1-t3" name="Check Compare with subregions" line="18">
<kw name="Compare With Subregions" library="RestCountriesDataDriver">
<var>${a}</var>
<arg>Central America</arg>
<msg timestamp="20231122 15:45:11.752" level="INFO">Country names of Central America are matching in API ['Panama', 'Belize', 'Nicaragua', 'Costa Rica', 'Honduras', 'El Salvador', 'Guatemala'] and JSON ['Panama', 'Belize', 'Nicaragua', 'Costa Rica', 'Honduras', 'El Salvador', 'Guatemala']</msg>
<msg timestamp="20231122 15:45:11.752" level="INFO">${a} = True</msg>
<status status="PASS" starttime="20231122 15:45:11.211" endtime="20231122 15:45:11.753"/>
</kw>
<kw name="Should Be True" library="BuiltIn">
<arg>${a}</arg>
<doc>Fails if the given condition is not true.</doc>
<status status="PASS" starttime="20231122 15:45:11.754" endtime="20231122 15:45:11.754"/>
</kw>
<kw name="Compare With Subregions" library="RestCountriesDataDriver">
<var>${b}</var>
<arg>Micronesia</arg>
<msg timestamp="20231122 15:45:12.451" level="INFO">Country names of Micronesia are matching in API ['Marshall Islands', 'Northern Mariana Islands', 'Micronesia', 'Guam', 'Palau', 'Kiribati', 'Nauru'] and JSON ['Marshall Islands', 'Northern Mariana Islands', 'Micronesia', 'Guam', 'Palau', 'Kiribati', 'Nauru']</msg>
<msg timestamp="20231122 15:45:12.451" level="INFO">${b} = True</msg>
<status status="PASS" starttime="20231122 15:45:11.755" endtime="20231122 15:45:12.451"/>
</kw>
<kw name="Should Be True" library="BuiltIn">
<arg>${b}</arg>
<doc>Fails if the given condition is not true.</doc>
<status status="PASS" starttime="20231122 15:45:12.452" endtime="20231122 15:45:12.452"/>
</kw>
<doc>Verify if compare_with_subregions</doc>
<status status="PASS" starttime="20231122 15:45:11.210" endtime="20231122 15:45:12.453"/>
</test>
<test id="s1-t4" name="Check Compare Unique regions" line="25">
<kw name="Compare Unique Regions" library="RestCountriesDataDriver">
<var>${result}</var>
<msg timestamp="20231122 15:45:13.028" level="INFO">Unique names of the regions are matching with the API {'region': ['Africa', 'Americas', 'Antarctic', 'Asia', 'Europe', 'Oceania']} and JSON data {'region': ['Africa', 'Americas', 'Antarctic', 'Asia', 'Europe', 'Oceania']}</msg>
<msg timestamp="20231122 15:45:13.028" level="INFO">${result} = True</msg>
<status status="PASS" starttime="20231122 15:45:12.457" endtime="20231122 15:45:13.028"/>
</kw>
<kw name="Should Be True" library="BuiltIn">
<arg>${result}</arg>
<doc>Fails if the given condition is not true.</doc>
<status status="PASS" starttime="20231122 15:45:13.029" endtime="20231122 15:45:13.030"/>
</kw>
<doc>Verify if compare_unique_regions</doc>
<status status="PASS" starttime="20231122 15:45:12.455" endtime="20231122 15:45:13.031"/>
</test>
<test id="s1-t5" name="Check Compare Unique subregions" line="30">
<kw name="Compare Unique Subregions" library="RestCountriesDataDriver">
<var>${result}</var>
<msg timestamp="20231122 15:45:13.660" level="INFO">Unique names of the subregions are matching with the API {'subregion': ['Australia and New Zealand', 'Caribbean', 'Central America', 'Central Asia', 'Central Europe', 'Eastern Africa', 'Eastern Asia', 'Eastern Europe', 'Melanesia', 'Micronesia', 'Middle Africa', 'North America', 'Northern Africa', 'Northern Europe', 'Polynesia', 'South America', 'South-Eastern Asia', 'Southeast Europe', 'Southern Africa', 'Southern Asia', 'Southern Europe', 'Western Africa', 'Western Asia', 'Western Europe']} and JSON data {'subregion': ['Australia and New Zealand', 'Caribbean', 'Central America', 'Central Asia', 'Central Europe', 'Eastern Africa', 'Eastern Asia', 'Eastern Europe', 'Melanesia', 'Micronesia', 'Middle Africa', 'North America', 'Northern Africa', 'Northern Europe', 'Polynesia', 'South America', 'South-Eastern Asia', 'Southeast Europe', 'Southern Africa', 'Southern Asia', 'Southern Europe', 'Western Africa', 'Western Asia', 'Western Europe']}</msg>
<msg timestamp="20231122 15:45:13.660" level="INFO">${result} = True</msg>
<status status="PASS" starttime="20231122 15:45:13.034" endtime="20231122 15:45:13.660"/>
</kw>
<kw name="Should Be True" library="BuiltIn">
<arg>${result}</arg>
<doc>Fails if the given condition is not true.</doc>
<status status="PASS" starttime="20231122 15:45:13.661" endtime="20231122 15:45:13.662"/>
</kw>
<doc>Verify if compare_unique_subregions</doc>
<status status="PASS" starttime="20231122 15:45:13.033" endtime="20231122 15:45:13.663"/>
</test>
<test id="s1-t6" name="Check Compare common name country" line="35">
<kw name="Compare Common Name Country" library="RestCountriesDataDriver">
<var>${a}</var>
<arg>Palestine</arg>
<msg timestamp="20231122 15:45:14.177" level="INFO">Capitals of Palestine are matching with the API ['Ramallah', 'Jerusalem'] and JSON data ['Ramallah', 'Jerusalem']</msg>
<msg timestamp="20231122 15:45:14.177" level="INFO">${a} = True</msg>
<status status="PASS" starttime="20231122 15:45:13.666" endtime="20231122 15:45:14.177"/>
</kw>
<kw name="Should Be True" library="BuiltIn">
<arg>${a}</arg>
<doc>Fails if the given condition is not true.</doc>
<status status="PASS" starttime="20231122 15:45:14.178" endtime="20231122 15:45:14.179"/>
</kw>
<kw name="Compare Common Name Country" library="RestCountriesDataDriver">
<var>${b}</var>
<arg>North Macedoni</arg>
<msg timestamp="20231122 15:45:14.736" level="INFO">Capitals of North Macedoni are matching with the API ['Skopje'] and JSON data ['Skopje']</msg>
<msg timestamp="20231122 15:45:14.736" level="INFO">${b} = True</msg>
<status status="PASS" starttime="20231122 15:45:14.180" endtime="20231122 15:45:14.736"/>
</kw>
<kw name="Should Be True" library="BuiltIn">
<arg>${b}</arg>
<doc>Fails if the given condition is not true.</doc>
<status status="PASS" starttime="20231122 15:45:14.737" endtime="20231122 15:45:14.737"/>
</kw>
<kw name="Compare Common Name Country" library="RestCountriesDataDriver">
<var>${c}</var>
<arg>Lebanon</arg>
<msg timestamp="20231122 15:45:15.284" level="INFO">Capitals of Lebanon are matching with the API ['Beirut'] and JSON data ['Beirut']</msg>
<msg timestamp="20231122 15:45:15.284" level="INFO">${c} = True</msg>
<status status="PASS" starttime="20231122 15:45:14.738" endtime="20231122 15:45:15.284"/>
</kw>
<kw name="Should Be True" library="BuiltIn">
<arg>${c}</arg>
<doc>Fails if the given condition is not true.</doc>
<status status="PASS" starttime="20231122 15:45:15.285" endtime="20231122 15:45:15.286"/>
</kw>
<doc>Verify if compare_common_name_country</doc>
<status status="PASS" starttime="20231122 15:45:13.665" endtime="20231122 15:45:15.287"/>
</test>
<status status="PASS" starttime="20231122 15:45:07.483" endtime="20231122 15:45:15.289"/>
</suite>
<statistics>
<total>
<stat pass="6" fail="0" skip="0">All Tests</stat>
</total>
<tag>
</tag>
<suite>
<stat pass="6" fail="0" skip="0" id="s1" name="Restcountry">Restcountry</stat>
</suite>
</statistics>
<errors>
</errors>
</robot>
